\BOOKMARK [1][-]{section.1}{\376\377\116\373\122\241\200\314\146\157\116\016\145\160\143\156}{}% 1
\BOOKMARK [2][-]{subsection.1.1}{\376\377\116\373\122\241\133\232\116\111}{section.1}% 2
\BOOKMARK [2][-]{subsection.1.2}{\376\377\145\160\143\156\147\145\156\220\116\016\211\304\152\041}{section.1}% 3
\BOOKMARK [2][-]{subsection.1.3}{\376\377\150\007\173\176\146\040\134\004\117\123\174\373}{section.1}% 4
\BOOKMARK [1][-]{section.2}{\376\377\173\227\154\325\123\237\164\006\173\200\217\360}{}% 5
\BOOKMARK [2][-]{subsection.2.1}{\376\377\000F\000a\000s\000t\000T\000e\000x\000t\000\040\123\237\164\006}{section.2}% 6
\BOOKMARK [2][-]{subsection.2.2}{\376\377\000B\000E\000R\000T\000\040\123\237\164\006}{section.2}% 7
\BOOKMARK [2][-]{subsection.2.3}{\376\377\000Q\000w\000e\000n\0002\000.\0005\000\040\131\047\152\041\127\213\123\237\164\006}{section.2}% 8
\BOOKMARK [1][-]{section.3}{\376\377\145\160\143\156\156\005\155\027\116\016\123\357\211\306\123\026}{}% 9
\BOOKMARK [2][-]{subsection.3.1}{\376\377\156\005\155\027\116\016\122\022\122\006\155\101\172\013}{section.3}% 10
\BOOKMARK [2][-]{subsection.3.2}{\376\377\123\357\211\306\123\026\122\006\147\220}{section.3}% 11
\BOOKMARK [1][-]{section.4}{\376\377\000F\000a\000s\000t\000T\000e\000x\000t\000\040\133\236\232\214}{}% 12
\BOOKMARK [2][-]{subsection.4.1}{\376\377\133\236\163\260\176\306\202\202}{section.4}% 13
\BOOKMARK [2][-]{subsection.4.2}{\376\377\215\205\123\302\177\121\150\074\144\034\175\042\377\010\0001\0008\000\040\176\304\377\011}{section.4}% 14
\BOOKMARK [2][-]{subsection.4.3}{\376\377\145\160\143\156\130\236\137\072\133\371\153\324}{section.4}% 15
\BOOKMARK [2][-]{subsection.4.4}{\376\377\000F\000a\000s\000t\000T\000e\000x\000t\000\040\155\113\213\325\226\306\176\323\147\234}{section.4}% 16
\BOOKMARK [1][-]{section.5}{\376\377\000B\000E\000R\000T\000\040\133\236\232\214}{}% 17
\BOOKMARK [2][-]{subsection.5.1}{\376\377\152\041\127\213\116\016\213\255\176\303\155\101\172\013}{section.5}% 18
\BOOKMARK [2][-]{subsection.5.2}{\376\377\000B\000E\000R\000T\000\040\217\223\121\372\131\202\117\125\217\154\142\020\122\006\174\173\150\007\173\176}{section.5}% 19
\BOOKMARK [2][-]{subsection.5.3}{\376\377\155\210\207\215\133\236\232\214\377\032\000m\000a\000x\000\137\000l\000e\000n\060\001\133\146\116\140\163\207\060\001\213\255\176\303\145\160\143\156\221\317}{section.5}% 20
\BOOKMARK [3][-]{subsubsection.5.3.1}{\376\377\000m\000a\000x\000\137\000l\000e\000n\000\040\155\210\207\215}{subsection.5.3}% 21
\BOOKMARK [3][-]{subsubsection.5.3.2}{\376\377\133\146\116\140\163\207\155\210\207\215}{subsection.5.3}% 22
\BOOKMARK [3][-]{subsubsection.5.3.3}{\376\377\213\255\176\303\145\160\143\156\221\317\146\362\176\277}{subsection.5.3}% 23
\BOOKMARK [2][-]{subsection.5.4}{\376\377\000B\000E\000R\000T\000-\000b\000a\000s\000e\000\040\000v\000s\000\040\000R\000o\000B\000E\000R\000T\000a\000\040\133\371\153\324}{section.5}% 24
\BOOKMARK [1][-]{section.6}{\376\377\000Q\000w\000e\000n\0002\000.\0005\000\040\131\047\152\041\127\213\133\236\232\214}{}% 25
\BOOKMARK [2][-]{subsection.6.1}{\376\377\213\304\155\113\173\126\165\145\116\016\142\275\150\067}{section.6}% 26
\BOOKMARK [2][-]{subsection.6.2}{\376\377\116\011\171\315\000\040\000p\000r\000o\000m\000p\000t\000\040\173\126\165\145}{section.6}% 27
\BOOKMARK [2][-]{subsection.6.3}{\376\377\152\041\127\213\211\304\152\041\133\371\153\324\377\032\0001\000.\0005\000B\000\040\000v\000s\000\040\0007\000B}{section.6}% 28
\BOOKMARK [2][-]{subsection.6.4}{\376\377\000F\000e\000w\000-\000s\000h\000o\000t\000\040\145\160\221\317\137\161\124\315}{section.6}% 29
\BOOKMARK [1][-]{section.7}{\376\377\176\374\124\010\133\236\232\214\122\006\147\220}{}% 30
\BOOKMARK [2][-]{subsection.7.1}{\376\377\116\011\152\041\127\213\116\073\133\371\153\324}{section.7}% 31
\BOOKMARK [2][-]{subsection.7.2}{\376\377\225\031\117\213\221\315\123\340\116\016\116\272\135\345\225\031\126\340\122\006\147\220}{section.7}% 32
\BOOKMARK [2][-]{subsection.7.3}{\376\377\116\011\152\041\127\213\226\306\142\020\142\225\171\150}{section.7}% 33
\BOOKMARK [2][-]{subsection.7.4}{\376\377\213\255\176\303\000\040\000/\000\040\143\250\164\006\142\020\147\054\133\371\153\324}{section.7}% 34
\BOOKMARK [1][-]{section.8}{\376\377\140\073\176\323\116\016\127\072\146\157\220\002\165\050\140\047\213\250\213\272}{}% 35
\BOOKMARK [2][-]{subsection.8.1}{\376\377\150\070\137\303\123\321\163\260}{section.8}% 36
\BOOKMARK [2][-]{subsection.8.2}{\376\377\116\011\171\315\145\271\154\325\166\204\220\002\165\050\127\072\146\157}{section.8}% 37
\BOOKMARK [2][-]{subsection.8.3}{\376\377\116\052\116\272\117\123\117\032}{section.8}% 38
